d:\users\dehim\software\c_c++\clr_calculator\x64\debug\vc141.pdb
d:\users\dehim\software\c_c++\clr_calculator\x64\debug\stringcalc.obj
d:\users\dehim\software\c_c++\clr_calculator\x64\debug\myform.obj
d:\users\dehim\software\c_c++\clr_calculator\x64\debug\main.obj
d:\users\dehim\software\c_c++\clr_calculator\x64\debug\.netframework,version=v4.6.1.assemblyattributes.obj
d:\users\dehim\software\c_c++\clr_calculator\x64\debug\.netframework,version=v4.6.1.assemblyattributes.asm
d:\users\dehim\software\c_c++\clr_calculator\x64\debug\clrprotject1.myform.resources
d:\users\dehim\software\c_c++\clr_calculator\x64\debug\clr_protject1.exe
d:\users\dehim\software\c_c++\clr_calculator\x64\debug\clr_protject1.pdb
d:\users\dehim\software\c_c++\clr_calculator\x64\debug\clr_protject1.vcxproj.generateresource.cache
d:\users\dehim\software\c_c++\clr_calculator\x64\debug\clr_protject1.exe.metagen
d:\users\dehim\software\c_c++\clr_calculator\x64\debug\clr_protject1.tlog\cl.command.1.tlog
d:\users\dehim\software\c_c++\clr_calculator\x64\debug\clr_protject1.tlog\cl.read.1.tlog
d:\users\dehim\software\c_c++\clr_calculator\x64\debug\clr_protject1.tlog\cl.write.1.tlog
d:\users\dehim\software\c_c++\clr_calculator\x64\debug\clr_protject1.tlog\clr_protject1.write.1u.tlog
d:\users\dehim\software\c_c++\clr_calculator\x64\debug\clr_protject1.tlog\link.command.1.tlog
d:\users\dehim\software\c_c++\clr_calculator\x64\debug\clr_protject1.tlog\link.read.1.tlog
d:\users\dehim\software\c_c++\clr_calculator\x64\debug\clr_protject1.tlog\link.write.1.tlog
d:\users\dehim\software\c_c++\clr_calculator\x64\debug\clr_protject1.tlog\metagen.read.1.tlog
d:\users\dehim\software\c_c++\clr_calculator\x64\debug\clr_protject1.tlog\metagen.write.1.tlog
